            fun: 0.19564834017799476
            jac: array([-3.04590761e-06, -4.56061565e-04, -5.40811219e-07])
  kl_divergence: 0.19564834017799476
 log_likelihood: -5589096.610791593
        message: 'Converged (|f_n-f_(n-1)| ~= 0)'
           nfev: 47
            nit: 17
     parameters: ParamsDict({'N0': 3312.0534150352128, 'Ni1': 559.1232605909051, 'ti1': 796.878946178865})
         status: 1
        success: True
              x: array([  8.10532364,   6.32636995, 796.87894618])
{'mu': 1e-06, 'gen': 10}
-5589096.610791593
ParamsDict({'N0': 3312.0534150352128, 'Ni1': 559.1232605909051, 'ti1': 796.878946178865})
            fun: 0.74972127555409
            jac: array([ 1.53675709e-07, -3.39305689e-08,  1.27418633e-08,  3.48921113e-07,
       -2.35064165e-06])
  kl_divergence: 0.74972127555409
 log_likelihood: -7466610.981072546
        message: 'Converged (|f_n-f_(n-1)| ~= 0)'
           nfev: 60
            nit: 18
     parameters: ParamsDict({'N0': 3286.4924475593684, 'Ni1': 609.1187652812343, 'ti1': 858.9199171564951, 'Ni2': 15.559089054330416, 'ti2': 48.48450235159616})
         status: 1
        success: True
              x: array([  8.09757615,   6.41201327, 858.91991716,   2.74464497,
        -2.81632744])
{'mu': 1e-06, 'gen': 10}
-7466610.981072546
ParamsDict({'N0': 3286.4924475593684, 'Ni1': 609.1187652812343, 'ti1': 858.9199171564951, 'Ni2': 15.559089054330416, 'ti2': 48.48450235159616})
