            fun: 0.1956366315078819
            jac: array([-2.64133558e-06, -9.34213749e-07, -7.94119466e-07])
  kl_divergence: 0.1956366315078819
 log_likelihood: -5589083.176556222
        message: 'Converged (|f_n-f_(n-1)| ~= 0)'
           nfev: 47
            nit: 15
     parameters: ParamsDict({'N0': 3317.1614920088646, 'Ni1': 569.0573066808436, 'ti1': 808.3615597433957})
         status: 1
        success: True
              x: array([  8.10686472,   6.34398114, 808.36155974])
{'mu': 1e-06, 'gen': 10}
-5589083.176556222
ParamsDict({'N0': 3317.1614920088646, 'Ni1': 569.0573066808436, 'ti1': 808.3615597433957})
            fun: 0.8682372440135303
            jac: array([ 4.53777028e-04,  4.73672765e-04, -1.36616259e-06,  1.47131852e-03,
       -4.66851705e-04])
  kl_divergence: 0.8682372440135303
 log_likelihood: -8409733.854201423
        message: 'Linear search failed'
           nfev: 115
            nit: 17
     parameters: ParamsDict({'N0': 3367.6883633111256, 'Ni1': 504.48174072420227, 'ti1': 712.7936503443569, 'Ni2': 460.9529316351886, 'ti2': 513.7559197114288})
         status: 4
        success: False
              x: array([  8.12198184,   6.22353165, 712.79365034,   6.13329594,
         0.94825388])
{'mu': 1e-06, 'gen': 10}
-8409733.854201423
ParamsDict({'N0': 3367.6883633111256, 'Ni1': 504.48174072420227, 'ti1': 712.7936503443569, 'Ni2': 460.9529316351886, 'ti2': 513.7559197114288})
