            fun: 0.22947106564410602
            jac: array([-8.57265277e-07,  7.45796627e-07,  3.06678846e-10])
  kl_divergence: 0.22947106564410602
 log_likelihood: -5375044.529097011
        message: 'Converged (|f_n-f_(n-1)| ~= 0)'
           nfev: 82
            nit: 32
     parameters: ParamsDict({'N0': 3295.239884780221, 'Ni1': 172.74529826517997, 'ti1': 826.8805272006716})
         status: 1
        success: True
              x: array([  8.10023425,   5.15181825, 826.8805272 ])
{'mu': 1e-06, 'gen': 10}
-5375044.529097011
ParamsDict({'N0': 3295.239884780221, 'Ni1': 172.74529826517997, 'ti1': 826.8805272006716})
            fun: 0.7495151865216368
            jac: array([-5.93074587e-06, -7.19737741e-05, -4.40200214e-08, -3.89302165e-07,
       -2.39087604e-05])
  kl_divergence: 0.7495151865216368
 log_likelihood: -7466370.491040529
        message: 'Converged (|f_n-f_(n-1)| ~= 0)'
           nfev: 43
            nit: 11
     parameters: ParamsDict({'N0': 3296.7963296393555, 'Ni1': 126.13518187187435, 'ti1': 578.7228394119367, 'Ni2': 15119.331438753934, 'ti2': 397.6241670183449})
         status: 1
        success: True
              x: array([  8.10070647,   4.8373542 , 578.72283941,   9.62372943,
         0.78646522])
{'mu': 1e-06, 'gen': 10}
-7466370.491040529
ParamsDict({'N0': 3296.7963296393555, 'Ni1': 126.13518187187435, 'ti1': 578.7228394119367, 'Ni2': 15119.331438753934, 'ti2': 397.6241670183449})
