            fun: 0.2704160210979347
            jac: array([ 2.85112941e-07, -4.83135628e-07, -3.20422155e-07])
  kl_divergence: 0.2704160210979347
 log_likelihood: -6204912.34521493
        message: 'Converged (|f_n-f_(n-1)| ~= 0)'
           nfev: 42
            nit: 14
     parameters: ParamsDict({'N0': 3330.269066782495, 'Ni1': 497.6978094183886, 'ti1': 756.3706656078206})
         status: 1
        success: True
              x: array([  8.11080838,   6.20999308, 756.37066561])
{'mu': 1e-06, 'gen': 10}
-6204912.34521493
ParamsDict({'N0': 3330.269066782495, 'Ni1': 497.6978094183886, 'ti1': 756.3706656078206})
            fun: 0.8866513472231018
            jac: array([ 5.35680408e-04,  3.21397420e-04, -1.43094387e-05, -3.48356703e-05,
        1.34753951e-05])
  kl_divergence: 0.8866513472231018
 log_likelihood: -8432415.573142638
        message: 'Converged (|f_n-f_(n-1)| ~= 0)'
           nfev: 114
            nit: 14
     parameters: ParamsDict({'N0': 3321.639163145601, 'Ni1': 576.2159991846565, 'ti1': 796.0531375311721, 'Ni2': 630.0395754291028, 'ti2': 796.053137531619})
         status: 1
        success: True
              x: array([  8.10821366,   6.35648259, 796.05313753,   6.44578264,
       796.05313753])
{'mu': 1e-06, 'gen': 10}
-8432415.573142638
ParamsDict({'N0': 3321.639163145601, 'Ni1': 576.2159991846565, 'ti1': 796.0531375311721, 'Ni2': 630.0395754291028, 'ti2': 796.053137531619})
            fun: 0.8680987938347281
            jac: array([ 7.76311026e-04,  2.32757630e-03, -3.99570256e-06,  1.10522139e-03,
       -1.33523641e-06, -3.70689180e-04,  4.35431625e-04])
  kl_divergence: 0.8680987938347281
 log_likelihood: -8409563.317086082
        message: 'Converged (|x_n-x_(n-1)| ~= 0)'
           nfev: 130
            nit: 21
     parameters: ParamsDict({'N0': 3341.628849039089, 'Ni1': 459.3582950598301, 'ti1': 688.3990600649437, 'Ni2': 349.384736252468, 'ti2': 784.9890374851635, 'tp': 238.75708231906813, 'p12': 0.38708960904081247})
         status: 2
        success: True
              x: array([ 8.11421365e+00,  6.12983050e+00,  6.88399060e+02,  5.85617371e+00,
        7.84989037e+02, -6.33005018e-01, -4.59562530e-01])
{'mu': 1e-06, 'gen': 10}
-8409563.317086082
ParamsDict({'N0': 3341.628849039089, 'Ni1': 459.3582950598301, 'ti1': 688.3990600649437, 'Ni2': 349.384736252468, 'ti2': 784.9890374851635, 'tp': 238.75708231906813, 'p12': 0.38708960904081247})
