            fun: 0.27041512663930833
            jac: array([-1.15302936e-06,  4.94689756e-07, -1.85949990e-07])
  kl_divergence: 0.27041512663930833
 log_likelihood: -6204911.294269873
        message: 'Converged (|f_n-f_(n-1)| ~= 0)'
           nfev: 53
            nit: 21
     parameters: ParamsDict({'N0': 3332.543173622942, 'Ni1': 500.0143381674536, 'ti1': 759.9035434130941})
         status: 1
        success: True
              x: array([  8.11149101,   6.21463677, 759.90354341])
{'mu': 1e-06, 'gen': 10}
-6204911.294269873
ParamsDict({'N0': 3332.543173622942, 'Ni1': 500.0143381674536, 'ti1': 759.9035434130941})
            fun: 0.8866588808914456
            jac: array([-1.58522394e-04,  1.22730398e-03,  1.58179539e-05,  2.49035184e-04,
       -1.84339890e-05])
  kl_divergence: 0.8866588808914456
 log_likelihood: -8432424.85279889
        message: 'Converged (|f_n-f_(n-1)| ~= 0)'
           nfev: 111
            nit: 13
     parameters: ParamsDict({'N0': 3299.2738628702023, 'Ni1': 572.3395481744341, 'ti1': 787.3593539139206, 'Ni2': 624.6251520466878, 'ti2': 787.3593539111635})
         status: 1
        success: True
              x: array([  8.10145768,   6.34973243, 787.35935391,   6.43715171,
       787.35935391])
{'mu': 1e-06, 'gen': 10}
-8432424.85279889
ParamsDict({'N0': 3299.2738628702023, 'Ni1': 572.3395481744341, 'ti1': 787.3593539139206, 'Ni2': 624.6251520466878, 'ti2': 787.3593539111635})
