            fun: 0.19562629016351496
            jac: array([-7.67340022e-08,  3.55058656e-04, -2.50400497e-07])
  kl_divergence: 0.19562629016351496
 log_likelihood: -5589071.311156229
        message: 'Converged (|f_n-f_(n-1)| ~= 0)'
           nfev: 57
            nit: 21
     parameters: ParamsDict({'N0': 3334.18911476607, 'Ni1': 595.9556434138034, 'ti1': 843.8383126534085})
         status: 1
        success: True
              x: array([  8.11198478,   6.39016624, 843.83831265])
{'mu': 1e-06, 'gen': 10}
-5589071.311156229
ParamsDict({'N0': 3334.18911476607, 'Ni1': 595.9556434138034, 'ti1': 843.8383126534085})
            fun: 0.8868063415114779
            jac: array([ 9.23367723e-08, -2.20727499e-08, -2.02601176e-05,  4.38628070e-07,
        1.60449646e-05])
  kl_divergence: 0.8868063415114779
 log_likelihood: -8432606.4885973
        message: 'Converged (|f_n-f_(n-1)| ~= 0)'
           nfev: 126
            nit: 17
     parameters: ParamsDict({'N0': 3244.6819406020622, 'Ni1': 572.9094839635125, 'ti1': 725.5867249707845, 'Ni2': 524.104198140668, 'ti2': 725.5867327130823})
         status: 1
        success: True
              x: array([  8.08477261,   6.35072774, 725.58672497,   6.26169052,
       725.58673271])
{'mu': 1e-06, 'gen': 10}
-8432606.4885973
ParamsDict({'N0': 3244.6819406020622, 'Ni1': 572.9094839635125, 'ti1': 725.5867249707845, 'Ni2': 524.104198140668, 'ti2': 725.5867327130823})
            fun: 0.8679292186741849
            jac: array([-2.30520643e-04,  2.78527014e-05,  1.05939653e-08, -2.12252957e-04,
       -1.15864089e-07, -1.69577898e-04, -1.85780860e-04])
  kl_divergence: 0.8679292186741849
 log_likelihood: -8409354.441525482
        message: 'Linear search failed'
           nfev: 202
            nit: 22
     parameters: ParamsDict({'N0': 3319.5738370837707, 'Ni1': 520.8560726912834, 'ti1': 740.5663772404139, 'Ni2': 325.43010175722475, 'ti2': 697.9914776884249, 'tp': 335.82365250212297, 'p12': 0.5})
         status: 4
        success: False
              x: array([ 8.10759169e+00,  6.25547375e+00,  7.40566377e+02,  5.78514770e+00,
        6.97991478e+02, -7.55215314e-02,  0.00000000e+00])
{'mu': 1e-06, 'gen': 10}
-8409354.441525482
ParamsDict({'N0': 3319.5738370837707, 'Ni1': 520.8560726912834, 'ti1': 740.5663772404139, 'Ni2': 325.43010175722475, 'ti2': 697.9914776884249, 'tp': 335.82365250212297, 'p12': 0.5})
