            fun: 0.19562594504699746
            jac: array([-1.94947533e-05, -2.88816975e-04,  4.98287442e-07])
  kl_divergence: 0.19562594504699746
 log_likelihood: -5589070.915178165
        message: 'Converged (|f_n-f_(n-1)| ~= 0)'
           nfev: 46
            nit: 17
     parameters: ParamsDict({'N0': 3333.790436072899, 'Ni1': 592.4944740515234, 'ti1': 842.6090450660001})
         status: 1
        success: True
              x: array([  8.1118652 ,   6.38434155, 842.60904507])
{'mu': 1e-06, 'gen': 10}
-5589070.915178165
ParamsDict({'N0': 3333.790436072899, 'Ni1': 592.4944740515234, 'ti1': 842.6090450660001})
            fun: 0.8437080067318858
            jac: array([ 7.21935023e-05,  4.28764810e-05,  2.46154521e-05,  5.69905069e-05,
       -2.38043453e-05])
  kl_divergence: 0.8437080067318858
 log_likelihood: -7576286.259378733
        message: 'Converged (|f_n-f_(n-1)| ~= 0)'
           nfev: 134
            nit: 18
     parameters: ParamsDict({'N0': 3281.088412575204, 'Ni1': 1110.9495160242784, 'ti1': 1188.3019059356402, 'Ni2': 285.7076411095897, 'ti2': 1188.3018786379928})
         status: 1
        success: True
              x: array([   8.09593048,    7.01297035, 1188.30190594,    5.65496905,
       1188.30187864])
{'mu': 1e-06, 'gen': 10}
-7576286.259378733
ParamsDict({'N0': 3281.088412575204, 'Ni1': 1110.9495160242784, 'ti1': 1188.3019059356402, 'Ni2': 285.7076411095897, 'ti2': 1188.3018786379928})
