            fun: 0.22947106564410602
            jac: array([-8.57265277e-07,  7.45796627e-07,  3.06678846e-10])
  kl_divergence: 0.22947106564410602
 log_likelihood: -5375044.529097011
        message: 'Converged (|f_n-f_(n-1)| ~= 0)'
           nfev: 82
            nit: 32
     parameters: ParamsDict({'N0': 3295.239884780221, 'Ni1': 172.74529826517997, 'ti1': 826.8805272006716})
         status: 1
        success: True
              x: array([  8.10023425,   5.15181825, 826.8805272 ])
{'mu': 1e-06, 'gen': 10}
-5375044.529097011
ParamsDict({'N0': 3295.239884780221, 'Ni1': 172.74529826517997, 'ti1': 826.8805272006716})
            fun: 0.8570703395272999
            jac: array([-3.05042374e-05,  1.26483457e-04, -4.85454729e-05,  1.84634650e-05,
        4.54587138e-06])
  kl_divergence: 0.8570703395272999
 log_likelihood: -7591879.072851356
        message: 'Converged (|f_n-f_(n-1)| ~= 0)'
           nfev: 103
            nit: 14
     parameters: ParamsDict({'N0': 2906.3638632155466, 'Ni1': 83.99036173582132, 'ti1': 358.8762809390376, 'Ni2': 300.9964341758328, 'ti2': 358.8763017063572})
         status: 1
        success: True
              x: array([  7.97465805,   4.43070205, 358.87628094,   5.70709842,
       358.87630171])
{'mu': 1e-06, 'gen': 10}
-7591879.072851356
ParamsDict({'N0': 2906.3638632155466, 'Ni1': 83.99036173582132, 'ti1': 358.8762809390376, 'Ni2': 300.9964341758328, 'ti2': 358.8763017063572})
