            fun: 0.19562827203461874
            jac: array([-6.91375095e-07, -2.18896469e-04, -1.23511450e-07])
  kl_divergence: 0.19562827203461874
 log_likelihood: -5589073.585105587
        message: 'Converged (|f_n-f_(n-1)| ~= 0)'
           nfev: 46
            nit: 17
     parameters: ParamsDict({'N0': 3324.3351764395757, 'Ni1': 578.4953725775146, 'ti1': 822.6956222673398})
         status: 1
        success: True
              x: array([  8.10902499,   6.36043055, 822.69562227])
{'mu': 1e-06, 'gen': 10}
-5589073.585105587
ParamsDict({'N0': 3324.3351764395757, 'Ni1': 578.4953725775146, 'ti1': 822.6956222673398})
            fun: 0.8593987008086609
            jac: array([ 4.41079434e-03,  4.52609225e-04, -6.16768247e-05, -1.37892448e-02,
        5.68582088e-05])
  kl_divergence: 0.8593987008086609
 log_likelihood: -7594596.091182886
        message: 'Converged (|f_n-f_(n-1)| ~= 0)'
           nfev: 98
            nit: 9
     parameters: ParamsDict({'N0': 3040.6027109779006, 'Ni1': 262.773101827106, 'ti1': 316.89313496557503, 'Ni2': 70.63386992886551, 'ti2': 316.8931350058736})
         status: 1
        success: True
              x: array([  8.01981103,   5.57129093, 316.89313497,   4.25750977,
       316.89313501])
{'mu': 1e-06, 'gen': 10}
-7594596.091182886
ParamsDict({'N0': 3040.6027109779006, 'Ni1': 262.773101827106, 'ti1': 316.89313496557503, 'Ni2': 70.63386992886551, 'ti2': 316.8931350058736})
            fun: 0.7665196040948019
            jac: array([-1.07700500e-02, -6.44271087e-03,  5.56270867e-06, -3.06897614e-03,
        4.13010327e-06,  1.86215199e-03, -2.15586005e-02])
  kl_divergence: 0.7665196040948019
 log_likelihood: -7486213.337008259
        message: 'Linear search failed'
           nfev: 385
            nit: 47
     parameters: ParamsDict({'N0': 2954.7521179417045, 'Ni1': 443.88206407499916, 'ti1': 665.5791990951778, 'Ni2': 21.33465646087233, 'ti2': 395.44348062544077, 'tp': 34.452959671585916, 'p12': 0.5})
         status: 4
        success: False
              x: array([  7.99117004,   6.09555891, 665.5791991 ,   3.06033281,
       395.44348063,  -2.34925679,   0.        ])
{'mu': 1e-06, 'gen': 10}
-7486213.337008259
ParamsDict({'N0': 2954.7521179417045, 'Ni1': 443.88206407499916, 'ti1': 665.5791990951778, 'Ni2': 21.33465646087233, 'ti2': 395.44348062544077, 'tp': 34.452959671585916, 'p12': 0.5})
