            fun: 0.19562594504699746
            jac: array([-1.94947533e-05, -2.88816975e-04,  4.98287442e-07])
  kl_divergence: 0.19562594504699746
 log_likelihood: -5589070.915178165
        message: 'Converged (|f_n-f_(n-1)| ~= 0)'
           nfev: 46
            nit: 17
     parameters: ParamsDict({'N0': 3333.790436072899, 'Ni1': 592.4944740515234, 'ti1': 842.6090450660001})
         status: 1
        success: True
              x: array([  8.1118652 ,   6.38434155, 842.60904507])
{'mu': 1e-06, 'gen': 10}
-5589070.915178165
ParamsDict({'N0': 3333.790436072899, 'Ni1': 592.4944740515234, 'ti1': 842.6090450660001})
            fun: 0.8866494033970459
            jac: array([ 2.32822054e-06,  1.02130322e-07,  1.35770038e-05,  1.55694198e-06,
       -1.36674664e-05])
  kl_divergence: 0.8866494033970459
 log_likelihood: -8432413.178819343
        message: 'Converged (|f_n-f_(n-1)| ~= 0)'
           nfev: 118
            nit: 17
     parameters: ParamsDict({'N0': 3316.013787669468, 'Ni1': 633.9271333217466, 'ti1': 800.5662400454779, 'Ni2': 578.7296988822098, 'ti2': 800.5662323459461})
         status: 1
        success: True
              x: array([  8.10651867,   6.45193402, 800.56624005,   6.36083553,
       800.56623235])
{'mu': 1e-06, 'gen': 10}
-8432413.178819343
ParamsDict({'N0': 3316.013787669468, 'Ni1': 633.9271333217466, 'ti1': 800.5662400454779, 'Ni2': 578.7296988822098, 'ti2': 800.5662323459461})
