            fun: 0.27041480680617386
            jac: array([ 1.20566336e-05,  2.47102957e-04, -3.08135916e-07])
  kl_divergence: 0.27041480680617386
 log_likelihood: -6204910.918481612
        message: 'Converged (|f_n-f_(n-1)| ~= 0)'
           nfev: 51
            nit: 20
     parameters: ParamsDict({'N0': 3336.176921444291, 'Ni1': 504.00720011459185, 'ti1': 765.2003513862011})
         status: 1
        success: True
              x: array([  8.1125808 ,   6.22259055, 765.20035139])
{'mu': 1e-06, 'gen': 10}
-6204910.918481612
ParamsDict({'N0': 3336.176921444291, 'Ni1': 504.00720011459185, 'ti1': 765.2003513862011})
            fun: 0.8682576587973251
            jac: array([ 1.37481268e-04, -2.57819226e-05, -3.53749288e-08,  1.32146352e-04,
       -3.38193290e-05])
  kl_divergence: 0.8682576587973251
 log_likelihood: -8409759.00027468
        message: 'Converged (|f_n-f_(n-1)| ~= 0)'
           nfev: 66
            nit: 16
     parameters: ParamsDict({'N0': 3339.3102010031057, 'Ni1': 452.19536435843946, 'ti1': 685.1011258850733, 'Ni2': 493.04153100708794, 'ti2': 507.54442998281036})
         status: 1
        success: True
              x: array([  8.11351954,   6.11411431, 685.10112589,   6.20059341,
         1.05029428])
{'mu': 1e-06, 'gen': 10}
-8409759.00027468
ParamsDict({'N0': 3339.3102010031057, 'Ni1': 452.19536435843946, 'ti1': 685.1011258850733, 'Ni2': 493.04153100708794, 'ti2': 507.54442998281036})
