            fun: 0.22947389239331423
            jac: array([-2.98739368e-05, -1.29093330e-03,  1.44831503e-06])
  kl_divergence: 0.22947389239331423
 log_likelihood: -5375047.652951695
        message: 'Converged (|f_n-f_(n-1)| ~= 0)'
           nfev: 66
            nit: 19
     parameters: ParamsDict({'N0': 3293.200105826859, 'Ni1': 170.97736185878853, 'ti1': 821.5917718866541})
         status: 1
        success: True
              x: array([  8.09961505,   5.14153116, 821.59177189])
{'mu': 1e-06, 'gen': 10}
-5375047.652951695
ParamsDict({'N0': 3293.200105826859, 'Ni1': 170.97736185878853, 'ti1': 821.5917718866541})
            fun: 0.8575967528874207
            jac: array([-7.39671374e-05, -9.50046957e-04,  1.81306980e-05, -7.55942249e-05,
       -5.99271982e-05])
  kl_divergence: 0.8575967528874207
 log_likelihood: -7592493.356708788
        message: 'Converged (|f_n-f_(n-1)| ~= 0)'
           nfev: 69
            nit: 10
     parameters: ParamsDict({'N0': 2909.1166087078313, 'Ni1': 80.88130131464196, 'ti1': 347.0357348112694, 'Ni2': 290.14950789020844, 'ti2': 347.008251973352})
         status: 1
        success: True
              x: array([  7.97560474,   4.39298266, 347.03573481,   5.67039633,
       347.00825197])
{'mu': 1e-06, 'gen': 10}
-7592493.356708788
ParamsDict({'N0': 2909.1166087078313, 'Ni1': 80.88130131464196, 'ti1': 347.0357348112694, 'Ni2': 290.14950789020844, 'ti2': 347.008251973352})
            fun: 0.7498082131847379
            jac: array([ 3.22150161e-03, -1.51952185e-03, -5.86519553e-06, -2.32961240e-03,
       -2.94194782e-06, -3.29824498e-04, -5.81302178e-03])
  kl_divergence: 0.7498082131847379
 log_likelihood: -7466712.430593315
        message: 'Linear search failed'
           nfev: 206
            nit: 27
     parameters: ParamsDict({'N0': 3211.047173330896, 'Ni1': 86.36073455738598, 'ti1': 415.9310533856769, 'Ni2': 274.29352088136335, 'ti2': 384.86847788445704, 'tp': 123.08572920928931, 'p12': 0.5})
         status: 4
        success: False
              x: array([  8.07435239,   4.45853311, 415.93105339,   5.61419878,
       384.86847788,  -0.75463386,   0.        ])
{'mu': 1e-06, 'gen': 10}
-7466712.430593315
ParamsDict({'N0': 3211.047173330896, 'Ni1': 86.36073455738598, 'ti1': 415.9310533856769, 'Ni2': 274.29352088136335, 'ti2': 384.86847788445704, 'tp': 123.08572920928931, 'p12': 0.5})
